SLURM_NODELIST=node56
SLURM_CHECKPOINT_IMAGE_DIR=/scratch/mobyle/jobs/SABBAC/U07295343569994
SABBACHOME=/usr/local/SABBAC/1.3
SLURM_ACCOUNT=mobyle
XDG_SESSION_ID=c790717
HOSTNAME=node56
SLURM_TOPOLOGY_ADDR=node56
SLURMD_NODENAME=node56
SLURM_PRIO_PROCESS=0
SLURM_NODE_ALIASES=(null)
TERM=unknown
SHELL=/bin/bash
HTTP_SEC_FETCH_DEST=empty
SLURM_JOB_QOS=lowpriority
SLURM_TOPOLOGY_ADDR_PATTERN=node
SBATCH_CPU_BIND_LIST=0x20
HTTP_HOST=mobyle.rpbs.univ-paris-diderot.fr:443
HTTP_ORIGIN=https://mobyle.rpbs.univ-paris-diderot.fr
SERVER_PORT=443
HTTP_X_REAL_IP=181.56.156.73
USER=root
SLURM_NNODES=1
DOCUMENT_ROOT=/opt/mobyle/htdocs
SUDO_USER=www-data
HTTPS=on
SUDO_UID=33
SLURM_JOBID=61485932
USERNAME=root
SLURM_NTASKS=1
SCRIPT_URI=https://mobyle.rpbs.univ-paris-diderot.fr/cgi-bin/session_job_submit.py
SLURM_QOS=lowpriority
REMOTE_PORT=50155
PATH=/sbin:/bin:/usr/sbin:/usr/bin
SLURM_TASKS_PER_NODE=1
SCRIPT_URL=/cgi-bin/session_job_submit.py
SLURM_JOB_ID=61485932
SBATCH_CPU_BIND_VERBOSE=quiet
CONTEXT_PREFIX=/cgi-bin/
HTTP_X_MOBYLEPORTALNAME=RPBS
SLURM_JOB_USER=www-data
PWD=/scratch/mobyle/jobs/SABBAC/U07295343569994
CUDA_VISIBLE_DEVICES=NoDevFiles
REQUEST_SCHEME=https
SLURM_JOB_UID=33
HTTP_IF_MODIFIED_SINCE=Sat, 1 Jan 2000 00:00:00 GMT
SLURM_NODEID=0
SLURM_SUBMIT_DIR=/scratch/mobyle/jobs/SABBAC/U07295343569994
SLURM_NPROCS=1
SLURM_TASK_PID=14757
SLURM_CPUS_ON_NODE=1
ENVIRONMENT=BATCH
SLURM_PROCID=0
REMOTE_ADDR=181.56.156.73
SLURM_JOB_NODELIST=node56
SUDO_COMMAND=/usr/local/bin/docker-run sabbac SABBAC -s -F -n 1 -w . -i cluster_center_model.pdb
HOME=/root
SERVER_NAME=mobyle.rpbs.univ-paris-diderot.fr
SHLVL=4
SLURM_LOCALID=0
SBATCH_CPU_BIND_TYPE=mask_cpu:
SLURM_CLUSTER_NAME=cluster
SLURM_JOB_CPUS_PER_NODE=1
SLURM_JOB_GID=33
SLURM_SUBMIT_HOST=mobyle.rpbs.univ-paris-diderot.fr
DRMAA_LIBRARY_PATH=/usr/local/lib/libdrmaa.so
SLURM_GTIDS=0
SLURM_JOB_PARTITION=mobyle
LOGNAME=root
HTTP_SEC_FETCH_MODE=cors
SERVER_ADDR=172.27.7.124
SLURM_JOB_ACCOUNT=mobyle
GPU_DEVICE_ORDINAL=NoDevFiles
SLURM_JOB_NUM_NODES=1
SBATCH_CPU_BIND=quiet,mask_cpu:0x20
XDG_RUNTIME_DIR=/run/user/0
SUDO_GID=33
HTTP_SEC_GPC=1
HTTP_SEC_FETCH_SITE=same-origin
CONTEXT_DOCUMENT_ROOT=/opt/mobyle/cgi/
_=/bin/env
